<?xml version="1.0" encoding="utf-8" standalone="no"?>
<test-results xmlns:xsi="http://www.w3.org/2001/XMLSchema-instance" xsi:noNamespaceSchemaLocation="nunit_schema_2.5.xsd" name="Pester" total="1" errors="0" failures="1" not-run="0" inconclusive="0" ignored="0" skipped="0" invalid="0" date="2018-07-10" time="14:24:47">
  <environment user="matthewtilton" machine-name="LAPTOP-86" cwd="C:\Users\matthewtilton\Documents\GitHub\ctera" user-domain="SCALEMATRIX" platform="Microsoft Windows 10 Pro|C:\Windows|\Device\Harddisk0\Partition2" nunit-version="2.5.8.0" os-version="10.0.17134" clr-version="4.0.30319.42000" />
  <culture-info current-culture="en-US" current-uiculture="en-US" />
  <test-suite type="Powershell" name="Pester" executed="True" result="Failure" success="False" time="5.0192" asserts="0">
    <results>
      <test-suite type="PowerShell" name="Start-FilesFolders" executed="True" result="Failure" success="False" time="5.0192" asserts="0">
        <results>
          <test-case name="Error occurred in Context block" time="5.0192" asserts="0" success="False" result="Failure" executed="True">
            <failure>
              <message>Could not find Command IsAdmin</message>
              <stack-trace>At C:\Program Files\WindowsPowerShell\Modules\Pester\3.4.0\Functions\Mock.ps1:801 char:9</stack-trace>
            </failure>
          </test-case>
        </results>
      </test-suite>
    </results>
  </test-suite>
</test-results>
